<?xml version="1.0" encoding="UTF-8"?>
<!-- Generated by org.testng.reporters.JUnitXMLReporter -->
<testsuite hostname="Pratik" ignored="0" name="Test1" tests="1" failures="1" timestamp="2021-08-21T19:23:28 IST" time="0.051" errors="0">
  <testcase name="startBrowser" time="0.0" classname="mavenforjenkins.UITest">
    <failure type="org.testng.TestNGException" message="
Parameter &amp;apos;Browser&amp;apos; is required by @Test on method startBrowser but has not been marked @Optional or defined
in C:\Users\pratik\Desktop\C Train\pluralsight\Jenkins\mavenjenkins_code\testng.xml">
      <![CDATA[org.testng.TestNGException: 
Parameter 'Browser' is required by @Test on method startBrowser but has not been marked @Optional or defined
in C:\Users\pratik\Desktop\C Train\pluralsight\Jenkins\mavenjenkins_code\testng.xml
at java.util.ArrayList.forEach(ArrayList.java:1259)
... Removed 30 stack frames]]>
    </failure>
  </testcase> <!-- startBrowser -->
</testsuite> <!-- Test1 -->
